  main.cpp
C:\Program Files (x86)\Windows Kits\10\Include\10.0.26100.0\shared\minwindef.h(130,9): warning C4005: "APIENTRY": ponowna definicja makra
  (kompilowanie pliku źródłowego „src/main.cpp”)
      C:\Users\oliwi\OneDrive\Desktop\repozytoria\grafika_projekt\dependencies\glfw-3.3.8.bin.WIN32\include\GLFW\glfw3.h(123,11):
      zobacz poprzednią definicję „APIENTRY”
  
C:\Users\oliwi\OneDrive\Desktop\repozytoria\grafika_projekt\cw 7\src\project.hpp(156,10): warning C4305: "inicjowanie": obcięcie z "double" do "float"
  (kompilowanie pliku źródłowego „src/main.cpp”)
  
C:\Users\oliwi\OneDrive\Desktop\repozytoria\grafika_projekt\cw 7\src\project.hpp(232,13): warning C4244: "inicjowanie": konwersja z "double" do "float", możliwa utrata danych
  (kompilowanie pliku źródłowego „src/main.cpp”)
  
C:\Users\oliwi\OneDrive\Desktop\repozytoria\grafika_projekt\cw 7\src\project.hpp(249,52): warning C4138: znaleziono "*/" poza komentarzem
  (kompilowanie pliku źródłowego „src/main.cpp”)
  
C:\Users\oliwi\OneDrive\Desktop\repozytoria\grafika_projekt\cw 7\src\project.hpp(317,50): warning C4138: znaleziono "*/" poza komentarzem
  (kompilowanie pliku źródłowego „src/main.cpp”)
  
C:\Users\oliwi\OneDrive\Desktop\repozytoria\grafika_projekt\cw 7\src\project.hpp(331,51): warning C4138: znaleziono "*/" poza komentarzem
  (kompilowanie pliku źródłowego „src/main.cpp”)
  
C:\Users\oliwi\OneDrive\Desktop\repozytoria\grafika_projekt\cw 7\src\project.hpp(370,11): warning C4244: "=": konwersja z "double" do "float", możliwa utrata danych
  (kompilowanie pliku źródłowego „src/main.cpp”)
  
C:\Users\oliwi\OneDrive\Desktop\repozytoria\grafika_projekt\cw 7\src\project.hpp(371,11): warning C4244: "=": konwersja z "double" do "float", możliwa utrata danych
  (kompilowanie pliku źródłowego „src/main.cpp”)
  
C:\Users\oliwi\OneDrive\Desktop\repozytoria\grafika_projekt\cw 7\src\project.hpp(375,16): warning C4244: "inicjowanie": konwersja z "double" do "float", możliwa utrata danych
  (kompilowanie pliku źródłowego „src/main.cpp”)
  
C:\Users\oliwi\OneDrive\Desktop\repozytoria\grafika_projekt\cw 7\src\project.hpp(376,16): warning C4244: "inicjowanie": konwersja z "double" do "float", możliwa utrata danych
  (kompilowanie pliku źródłowego „src/main.cpp”)
  
C:\Users\oliwi\OneDrive\Desktop\repozytoria\grafika_projekt\cw 7\src\project.hpp(378,10): warning C4244: "=": konwersja z "double" do "float", możliwa utrata danych
  (kompilowanie pliku źródłowego „src/main.cpp”)
  
C:\Users\oliwi\OneDrive\Desktop\repozytoria\grafika_projekt\cw 7\src\project.hpp(379,10): warning C4244: "=": konwersja z "double" do "float", możliwa utrata danych
  (kompilowanie pliku źródłowego „src/main.cpp”)
  
imgui_impl_glfw.obj : warning LNK4075: zignorowano opcję „/EDITANDCONTINUE” z powodu określenia opcji „/INCREMENTAL:NO”
LINK : warning LNK4098: domyślna biblioteka „MSVCRT” powoduje konflikt z innymi bibliotekami; użyj opcji /NODEFAULTLIB:biblioteka
  grk-cw7.vcxproj -> C:\Users\oliwi\OneDrive\Desktop\repozytoria\grafika_projekt\Debug\grk-cw7.exe
